#
# There is insufficient memory for the Java Runtime Environment to continue.
# Native memory allocation (mmap) failed to map 264241152 bytes for Failed to commit area from 0x0000000704200000 to 0x0000000713e00000 of length 264241152.
# Possible reasons:
#   The system is out of physical RAM or swap space
#   The process is running with CompressedOops enabled, and the Java Heap may be blocking the growth of the native heap
# Possible solutions:
#   Reduce memory load on the system
#   Increase physical memory or swap space
#   Check if swap backing store is full
#   Decrease Java heap size (-Xmx/-Xms)
#   Decrease number of Java threads
#   Decrease Java thread stack sizes (-Xss)
#   Set larger code cache with -XX:ReservedCodeCacheSize=
# This output file may be truncated or incomplete.
#
#  Out of Memory Error (./src/hotspot/os/windows/os_windows.cpp:3311), pid=3108, tid=1788
#
# JRE version:  (11.0.13+8) (build )
# Java VM: OpenJDK 64-Bit Server VM (11.0.13+8, mixed mode, sharing, tiered, compressed oops, g1 gc, windows-amd64)
# No core dump will be written. Minidumps are not enabled by default on client versions of Windows
#

---------------  S U M M A R Y ------------

Command Line: -javaagent:C:\Program Files\JetBrains\IntelliJ IDEA Community Edition 2021.3.3\lib\idea_rt.jar=64274:C:\Program Files\JetBrains\IntelliJ IDEA Community Edition 2021.3.3\bin -Dfile.encoding=UTF-8 com.techelevator.CateringSystem

Host: 11th Gen Intel(R) Core(TM) i7-1185G7 @ 3.00GHz, 8 cores, 15G,  Windows 10 , 64 bit Build 19041 (10.0.19041.1706)
Time: Thu Jun  9 14:50:07 2022 Eastern Daylight Time elapsed time: 0.009304 seconds (0d 0h 0m 0s)

---------------  T H R E A D  ---------------

Current thread (0x0000018d3a1c1000):  JavaThread "Unknown thread" [_thread_in_vm, id=1788, stack(0x0000002b56800000,0x0000002b56900000)]

Stack: [0x0000002b56800000,0x0000002b56900000]
Native frames: (J=compiled Java code, j=interpreted, Vv=VM code, C=native code)
V  [jvm.dll+0x61cc7a]
V  [jvm.dll+0x7a8fd9]
V  [jvm.dll+0x7aa69f]
V  [jvm.dll+0x7aad73]
V  [jvm.dll+0x24f808]
V  [jvm.dll+0x619f8a]
V  [jvm.dll+0x60e835]
V  [jvm.dll+0x30733c]
V  [jvm.dll+0x3071c2]
V  [jvm.dll+0x30bee6]
V  [jvm.dll+0x350e8f]
V  [jvm.dll+0x3508c0]
V  [jvm.dll+0x2e4438]
V  [jvm.dll+0x2e5596]
V  [jvm.dll+0x782db7]
V  [jvm.dll+0x78453f]
V  [jvm.dll+0x35dc19]
V  [jvm.dll+0x765d40]
V  [jvm.dll+0x3cb66f]
V  [jvm.dll+0x3cda01]
C  [jli.dll+0x5207]
C  [ucrtbase.dll+0x21bb2]
C  [KERNEL32.DLL+0x17034]
C  [ntdll.dll+0x52651]


---------------  P R O C E S S  ---------------

Threads class SMR info:
_java_thread_list=0x0000018d380b2060, length=0, elements={
}

Java Threads: ( => current thread )

Other Threads:
  0x0000018d3a1d7800 GCTaskThread "GC Thread#0" [stack: 0x0000002b56900000,0x0000002b56a00000] [id=13428]
  0x0000018d3a22f000 ConcurrentGCThread "G1 Main Marker" [stack: 0x0000002b56a00000,0x0000002b56b00000] [id=1436]
  0x0000018d3a231800 ConcurrentGCThread "G1 Conc#0" [stack: 0x0000002b56b00000,0x0000002b56c00000] [id=1356]

[error occurred during error reporting (printing all threads), id 0xc0000005, EXCEPTION_ACCESS_VIOLATION (0xc0000005) at pc=0x00007ffe8e543b17]

VM state:not at safepoint (not fully initialized)

VM Mutex/Monitor currently owned by a thread:  ([mutex/lock_event])
[0x0000018d3a1be530] Heap_lock - owner thread: 0x0000018d3a1c1000

Heap address: 0x0000000704200000, size: 4030 MB, Compressed Oops mode: Non-zero based: 0x0000000704200000
Narrow klass base: 0x0000000000000000, Narrow klass shift: 0

GC Heap History (0 events):
No events

Deoptimization events (0 events):
No events

Classes redefined (0 events):
No events

Internal exceptions (0 events):
No events

Events (1 events):
Event: 0.006 Loaded shared library C:\Program Files\OpenJDK\jdk-11.0.13+8\bin\zip.dll


Dynamic libraries:
0x00007ff7a6760000 - 0x00007ff7a676d000 	C:\Program Files\OpenJDK\jdk-11.0.13+8\bin\java.exe
0x00007ffed72b0000 - 0x00007ffed74a5000 	C:\Windows\SYSTEM32\ntdll.dll
0x00007ffed62a0000 - 0x00007ffed635d000 	C:\Windows\System32\KERNEL32.DLL
0x00007ffed4bf0000 - 0x00007ffed4ebd000 	C:\Windows\System32\KERNELBASE.dll
0x00007ffed49c0000 - 0x00007ffed4ac0000 	C:\Windows\System32\ucrtbase.dll
0x00007ffec85c0000 - 0x00007ffec85d7000 	C:\Program Files\OpenJDK\jdk-11.0.13+8\bin\jli.dll
0x00007ffecc410000 - 0x00007ffecc425000 	C:\Program Files\OpenJDK\jdk-11.0.13+8\bin\VCRUNTIME140.dll
0x00007ffed6080000 - 0x00007ffed6220000 	C:\Windows\System32\USER32.dll
0x00007ffed4f60000 - 0x00007ffed4f82000 	C:\Windows\System32\win32u.dll
0x00007ffeabdb0000 - 0x00007ffeac04a000 	C:\Windows\WinSxS\amd64_microsoft.windows.common-controls_6595b64144ccf1df_6.0.19041.1110_none_60b5254171f9507e\COMCTL32.dll
0x00007ffed5750000 - 0x00007ffed577a000 	C:\Windows\System32\GDI32.dll
0x00007ffed5ce0000 - 0x00007ffed5d7e000 	C:\Windows\System32\msvcrt.dll
0x00007ffed51f0000 - 0x00007ffed52fb000 	C:\Windows\System32\gdi32full.dll
0x00007ffed4ec0000 - 0x00007ffed4f5d000 	C:\Windows\System32\msvcp_win.dll
0x00007ffed5360000 - 0x00007ffed5390000 	C:\Windows\System32\IMM32.DLL
0x00007ffeab240000 - 0x00007ffeab2db000 	C:\Program Files\OpenJDK\jdk-11.0.13+8\bin\msvcp140.dll
0x00007ffe8e250000 - 0x00007ffe8edce000 	C:\Program Files\OpenJDK\jdk-11.0.13+8\bin\server\jvm.dll
0x00007ffed5eb0000 - 0x00007ffed5f5e000 	C:\Windows\System32\ADVAPI32.dll
0x00007ffed6360000 - 0x00007ffed63fc000 	C:\Windows\System32\sechost.dll
0x00007ffed6400000 - 0x00007ffed6525000 	C:\Windows\System32\RPCRT4.dll
0x00007ffed6290000 - 0x00007ffed6298000 	C:\Windows\System32\PSAPI.DLL
0x00007ffeb3bb0000 - 0x00007ffeb3bd7000 	C:\Windows\SYSTEM32\WINMM.dll
0x00007ffec85a0000 - 0x00007ffec85aa000 	C:\Windows\SYSTEM32\VERSION.dll
0x00007ffeb4340000 - 0x00007ffeb4349000 	C:\Windows\SYSTEM32\WSOCK32.dll
0x00007ffed5f60000 - 0x00007ffed5fcb000 	C:\Windows\System32\WS2_32.dll
0x00007ffed3250000 - 0x00007ffed3262000 	C:\Windows\SYSTEM32\kernel.appcore.dll
0x00007ffecd9e0000 - 0x00007ffecd9f0000 	C:\Program Files\OpenJDK\jdk-11.0.13+8\bin\verify.dll
0x00007ffed00d0000 - 0x00007ffed02b4000 	C:\Windows\SYSTEM32\DBGHELP.DLL
0x00007ffeb0300000 - 0x00007ffeb032c000 	C:\Windows\SYSTEM32\dbgcore.DLL
0x00007ffed4f90000 - 0x00007ffed5012000 	C:\Windows\System32\bcryptPrimitives.dll
0x00007ffec4830000 - 0x00007ffec4858000 	C:\Program Files\OpenJDK\jdk-11.0.13+8\bin\java.dll
0x00007ffecd290000 - 0x00007ffecd29a000 	C:\Program Files\OpenJDK\jdk-11.0.13+8\bin\jimage.dll
0x00007ffec6ba0000 - 0x00007ffec6bae000 	C:\Program Files\OpenJDK\jdk-11.0.13+8\bin\instrument.dll
0x00007ffec8560000 - 0x00007ffec8577000 	C:\Program Files\OpenJDK\jdk-11.0.13+8\bin\zip.dll

dbghelp: loaded successfully - version: 4.0.5 - missing functions: none
symbol engine: initialized successfully - sym options: 0x614 - pdb path: .;C:\Program Files\OpenJDK\jdk-11.0.13+8\bin;C:\Windows\SYSTEM32;C:\Windows\WinSxS\amd64_microsoft.windows.common-controls_6595b64144ccf1df_6.0.19041.1110_none_60b5254171f9507e;C:\Program Files\OpenJDK\jdk-11.0.13+8\bin\server

VM Arguments:
jvm_args: -javaagent:C:\Program Files\JetBrains\IntelliJ IDEA Community Edition 2021.3.3\lib\idea_rt.jar=64274:C:\Program Files\JetBrains\IntelliJ IDEA Community Edition 2021.3.3\bin -Dfile.encoding=UTF-8 
java_command: com.techelevator.CateringSystem
java_class_path (initial): C:\Users\Student\source\repos\team-8-m-1-capstone-cateringsystem\m1-capstone-java-cateringsystem\target\classes
Launcher Type: SUN_STANDARD

[Global flags]
     intx CICompilerCount                          = 4                                         {product} {ergonomic}
     uint ConcGCThreads                            = 2                                         {product} {ergonomic}
     uint G1ConcRefinementThreads                  = 8                                         {product} {ergonomic}
   size_t G1HeapRegionSize                         = 1048576                                   {product} {ergonomic}
    uintx GCDrainStackTargetSize                   = 64                                        {product} {ergonomic}
   size_t InitialHeapSize                          = 264241152                                 {product} {ergonomic}
   size_t MarkStackSize                            = 4194304                                   {product} {ergonomic}
   size_t MaxHeapSize                              = 4225761280                                {product} {ergonomic}
   size_t MinHeapDeltaBytes                        = 1048576                                   {product} {ergonomic}
    uintx NonNMethodCodeHeapSize                   = 5836300                                {pd product} {ergonomic}
    uintx NonProfiledCodeHeapSize                  = 122910970                              {pd product} {ergonomic}
    uintx ProfiledCodeHeapSize                     = 122910970                              {pd product} {ergonomic}
    uintx ReservedCodeCacheSize                    = 251658240                              {pd product} {ergonomic}
     bool SegmentedCodeCache                       = true                                      {product} {ergonomic}
     bool UseCompressedClassPointers               = true                                 {lp64_product} {ergonomic}
     bool UseCompressedOops                        = true                                 {lp64_product} {ergonomic}
     bool UseG1GC                                  = true                                      {product} {ergonomic}
     bool UseLargePagesIndividualAllocation        = false                                  {pd product} {ergonomic}

Logging:
Log output configuration:
 #0: stdout all=warning uptime,level,tags
 #1: stderr all=off uptime,level,tags

Environment Variables:
JAVA_HOME=C:\Program Files\OpenJDK\jdk-11.0.13+8
PATH=C:\Windows\system32;C:\Windows;C:\Windows\System32\Wbem;C:\Windows\System32\WindowsPowerShell\v1.0\;C:\Windows\System32\OpenSSH\;C:\Program Files\dotnet\;C:\ProgramData\chocolatey\bin;C:\Program Files\Git\cmd;C:\Program Files\Microsoft SQL Server\130\Tools\Binn\;C:\Program Files\Microsoft SQL Server\Client SDK\ODBC\170\Tools\Binn\;C:\Program Files (x86)\Microsoft SQL Server\150\Tools\Binn\;C:\Program Files\Microsoft SQL Server\150\Tools\Binn\;C:\Program Files\Microsoft SQL Server\150\DTS\Binn\;C:\Program Files (x86)\Microsoft SQL Server\150\DTS\Binn\;C:\Program Files\Azure Data Studio\bin;C:\Program Files\OpenJDK\jdk-11.0.13+8\bin;C:\Program Files\PostgreSQL\12\bin;C:\Program Files\Maven\apache-maven-3.8.3\bin;C:\Program Files\Node\node-v16.13.0-win-x64;;C:\Program Files\Microsoft VS Code\bin;C:\Users\Student\AppData\Local\Microsoft\WindowsApps;C:\Users\Student\.dotnet\tools;C:\Program Files\Azure Data Studio\bin;C:\Program Files\JetBrains\IntelliJ IDEA Community Edition 2021.3.3\bin;
USERNAME=Student
OS=Windows_NT
PROCESSOR_IDENTIFIER=Intel64 Family 6 Model 140 Stepping 1, GenuineIntel



---------------  S Y S T E M  ---------------

OS: Windows 10 , 64 bit Build 19041 (10.0.19041.1706)
OS uptime: 0 days 5:40 hours

CPU:total 8 (initial active 8) (4 cores per cpu, 2 threads per core) family 6 model 140 stepping 1 microcode 0xa4, cmov, cx8, fxsr, mmx, sse, sse2, sse3, ssse3, sse4.1, sse4.2, popcnt, avx, avx2, aes, clmul, erms, 3dnowpref, lzcnt, ht, tsc, tscinvbit, bmi1, bmi2, adx, evex, sha, fma

Memory: 4k page, system-wide physical 16117M (2845M free)
TotalPageFile size 46563M (AvailPageFile size 104M)
current process WorkingSet (physical memory assigned to process): 10M, peak: 10M
current process commit charge ("private bytes"): 60M, peak: 312M

vm_info: OpenJDK 64-Bit Server VM (11.0.13+8) for windows-amd64 JRE (11.0.13+8), built on Oct 19 2021 17:05:59 by "" with unknown MS VC++:1916

END.
